d:\dev\pacman\pacman\debug\vc142.pdb
d:\dev\pacman\pacman\debug\vc142.idb
d:\dev\pacman\pacman\debug\world.obj
d:\dev\pacman\pacman\debug\scatterbehaviour.obj
d:\dev\pacman\pacman\debug\vector2f.obj
d:\dev\pacman\pacman\debug\staticgameentity.obj
d:\dev\pacman\pacman\debug\spritefont.obj
d:\dev\pacman\pacman\debug\sprite.obj
d:\dev\pacman\pacman\debug\pathmaptile.obj
d:\dev\pacman\pacman\debug\pacman.obj
d:\dev\pacman\pacman\debug\movablegameentity.obj
d:\dev\pacman\pacman\debug\main.obj
d:\dev\pacman\pacman\debug\ghost.obj
d:\dev\pacman\pacman\debug\gameentity.obj
d:\dev\pacman\pacman\debug\frightenedbehaviour.obj
d:\dev\pacman\pacman\debug\drawer.obj
d:\dev\pacman\pacman\debug\dot.obj
d:\dev\pacman\pacman\debug\cherry.obj
d:\dev\pacman\pacman\debug\chasebehaviour.obj
d:\dev\pacman\pacman\debug\bigdot.obj
d:\dev\pacman\pacman\debug\avatar.obj
d:\dev\pacman\pacman\debug\pacman.ilk
d:\dev\pacman\debug\pacman.exe
d:\dev\pacman\debug\pacman.pdb
d:\pac-man\pac-man\pacman\debug\avatar.obj
d:\pac-man\pac-man\pacman\debug\bigdot.obj
d:\pac-man\pac-man\pacman\debug\chasebehaviour.obj
d:\pac-man\pac-man\pacman\debug\cherry.obj
d:\pac-man\pac-man\pacman\debug\dot.obj
d:\pac-man\pac-man\pacman\debug\drawer.obj
d:\pac-man\pac-man\pacman\debug\frightenedbehaviour.obj
d:\pac-man\pac-man\pacman\debug\gameentity.obj
d:\pac-man\pac-man\pacman\debug\ghost.obj
d:\pac-man\pac-man\pacman\debug\main.obj
d:\pac-man\pac-man\pacman\debug\movablegameentity.obj
d:\pac-man\pac-man\pacman\debug\pacman.obj
d:\pac-man\pac-man\pacman\debug\pathmaptile.obj
d:\pac-man\pac-man\pacman\debug\scatterbehaviour.obj
d:\pac-man\pac-man\pacman\debug\sprite.obj
d:\pac-man\pac-man\pacman\debug\spritefont.obj
d:\pac-man\pac-man\pacman\debug\staticgameentity.obj
d:\pac-man\pac-man\pacman\debug\vector2f.obj
d:\pac-man\pac-man\pacman\debug\world.obj
d:\pac-man\pac-man\pacman\debug\pacman.ilk
d:\pac-man\pac-man\pacman\debug\vc142.idb
d:\pac-man\pac-man\pacman\debug\vc142.pdb
d:\pac-man\pac-man\pacman\debug\pacman.tlog\cl.command.1.tlog
d:\pac-man\pac-man\pacman\debug\pacman.tlog\cl.read.1.tlog
d:\pac-man\pac-man\pacman\debug\pacman.tlog\cl.write.1.tlog
d:\pac-man\pac-man\pacman\debug\pacman.tlog\link.command.1.tlog
d:\pac-man\pac-man\pacman\debug\pacman.tlog\link.read.1.tlog
d:\pac-man\pac-man\pacman\debug\pacman.tlog\link.write.1.tlog
